#
# There is insufficient memory for the Java Runtime Environment to continue.
# Native memory allocation (mmap) failed to map 268435456 bytes for Failed to commit area from 0x0000000700e00000 to 0x0000000710e00000 of length 268435456.
# Possible reasons:
#   The system is out of physical RAM or swap space
#   The process is running with CompressedOops enabled, and the Java Heap may be blocking the growth of the native heap
# Possible solutions:
#   Reduce memory load on the system
#   Increase physical memory or swap space
#   Check if swap backing store is full
#   Decrease Java heap size (-Xmx/-Xms)
#   Decrease number of Java threads
#   Decrease Java thread stack sizes (-Xss)
#   Set larger code cache with -XX:ReservedCodeCacheSize=
# This output file may be truncated or incomplete.
#
#  Out of Memory Error (t:/workspace/open/src/hotspot/os/windows/os_windows.cpp:3275), pid=21988, tid=21080
#
# JRE version:  (11.0.4+10) (build )
# Java VM: Java HotSpot(TM) 64-Bit Server VM (11.0.4+10-LTS, mixed mode, aot, sharing, tiered, compressed oops, g1 gc, windows-amd64)
# No core dump will be written. Minidumps are not enabled by default on client versions of Windows
#

---------------  S U M M A R Y ------------

Command Line: -Dfile.encoding=Cp1252 ie.gmit.sw.Runner

Host: Intel(R) Core(TM) i7-8700K CPU @ 3.70GHz, 12 cores, 15G,  Windows 10 , 64 bit Build 18362 (10.0.18362.778)
Time: Wed May 20 00:17:50 2020 GMT Summer Time elapsed time: 0 seconds (0d 0h 0m 0s)

---------------  T H R E A D  ---------------

Current thread (0x0000028682e13800):  JavaThread "Unknown thread" [_thread_in_vm, id=21080, stack(0x000000fda6600000,0x000000fda6700000)]

Stack: [0x000000fda6600000,0x000000fda6700000]
Native frames: (J=compiled Java code, j=interpreted, Vv=VM code, C=native code)
V  [jvm.dll+0x635bda]
V  [jvm.dll+0x77360f]
V  [jvm.dll+0x774cba]
V  [jvm.dll+0x775373]
V  [jvm.dll+0x25e668]
V  [jvm.dll+0x63306a]
V  [jvm.dll+0x627ab5]
V  [jvm.dll+0x314f8c]
V  [jvm.dll+0x314e12]
V  [jvm.dll+0x31a676]
V  [jvm.dll+0x36676f]
V  [jvm.dll+0x366190]
V  [jvm.dll+0x2f1b18]
V  [jvm.dll+0x2f2c86]
V  [jvm.dll+0x74c777]
V  [jvm.dll+0x74debf]
V  [jvm.dll+0x3735a9]
V  [jvm.dll+0x732e09]
V  [jvm.dll+0x3e2c0d]
V  [jvm.dll+0x3e4ee1]
C  [javaw.exe+0x3617]
C  [javaw.exe+0x17e2c]
C  [KERNEL32.DLL+0x17bd4]
C  [ntdll.dll+0x6ce51]


---------------  P R O C E S S  ---------------

Threads class SMR info:
_java_thread_list=0x0000028680871f00, length=0, elements={
}

Java Threads: ( => current thread )

Other Threads:
  0x0000028682e2b800 GCTaskThread "GC Thread#0" [stack: 0x000000fda6700000,0x000000fda6800000] [id=16172]
  0x0000028682e8b000 ConcurrentGCThread "G1 Main Marker" [stack: 0x000000fda6800000,0x000000fda6900000] [id=13232]
  0x0000028682e8c000 ConcurrentGCThread "G1 Conc#0" [stack: 0x000000fda6900000,0x000000fda6a00000] [id=10860]

[error occurred during error reporting (printing all threads), id 0xc0000005, EXCEPTION_ACCESS_VIOLATION (0xc0000005) at pc=0x00007ff9e03103e7]

VM state:not at safepoint (not fully initialized)

VM Mutex/Monitor currently owned by a thread:  ([mutex/lock_event])
[0x0000028682e11630] Heap_lock - owner thread: 0x0000028682e13800

Heap address: 0x0000000700e00000, size: 4082 MB, Compressed Oops mode: Non-zero based: 0x0000000700e00000
Narrow klass base: 0x0000000000000000, Narrow klass shift: 0

GC Heap History (0 events):
No events

Deoptimization events (0 events):
No events

Classes redefined (0 events):
No events

Internal exceptions (0 events):
No events

Events (0 events):
No events


Dynamic libraries:
0x00007ff771550000 - 0x00007ff771597000 	C:\Program Files\Java\jdk-11.0.4\bin\javaw.exe
0x00007ffa17dc0000 - 0x00007ffa17fb0000 	C:\WINDOWS\SYSTEM32\ntdll.dll
0x00007ffa165f0000 - 0x00007ffa166a2000 	C:\WINDOWS\System32\KERNEL32.DLL
0x00007ffa15bc0000 - 0x00007ffa15e64000 	C:\WINDOWS\System32\KERNELBASE.dll
0x00007ffa161a0000 - 0x00007ffa16243000 	C:\WINDOWS\System32\ADVAPI32.dll
0x00007ffa16e80000 - 0x00007ffa16f1e000 	C:\WINDOWS\System32\msvcrt.dll
0x00007ffa15f40000 - 0x00007ffa15fd7000 	C:\WINDOWS\System32\sechost.dll
0x00007ffa17770000 - 0x00007ffa17890000 	C:\WINDOWS\System32\RPCRT4.dll
0x00007ffa167e0000 - 0x00007ffa16974000 	C:\WINDOWS\System32\USER32.dll
0x00007ffa157e0000 - 0x00007ffa15801000 	C:\WINDOWS\System32\win32u.dll
0x00007ffa166b0000 - 0x00007ffa166d6000 	C:\WINDOWS\System32\GDI32.dll
0x00007ffa15a20000 - 0x00007ffa15bb4000 	C:\WINDOWS\System32\gdi32full.dll
0x00007ffa15980000 - 0x00007ffa15a1e000 	C:\WINDOWS\System32\msvcp_win.dll
0x00007ffa15830000 - 0x00007ffa1592a000 	C:\WINDOWS\System32\ucrtbase.dll
0x00007ffa06230000 - 0x00007ffa064b4000 	C:\WINDOWS\WinSxS\amd64_microsoft.windows.common-controls_6595b64144ccf1df_6.0.18362.836_none_e6c4b943130f18ed\COMCTL32.dll
0x00007ffa0ebd0000 - 0x00007ffa0ebda000 	C:\WINDOWS\SYSTEM32\VERSION.dll
0x00007ffa17a40000 - 0x00007ffa17d76000 	C:\WINDOWS\System32\combase.dll
0x00007ffa14fb0000 - 0x00007ffa15030000 	C:\WINDOWS\System32\bcryptPrimitives.dll
0x00007ffa16e50000 - 0x00007ffa16e7e000 	C:\WINDOWS\System32\IMM32.DLL
0x00007ffa077d0000 - 0x00007ffa07800000 	C:\PROGRA~1\BULLGU~1\BULLGU~1\BgAgent.dll
0x00007ffa11500000 - 0x00007ffa11516000 	C:\Program Files\Java\jdk-11.0.4\bin\vcruntime140.dll
0x00007ffa00da0000 - 0x00007ffa00e4a000 	C:\Program Files\Java\jdk-11.0.4\bin\msvcp140.dll
0x00007ff9e0010000 - 0x00007ff9e0b37000 	C:\Program Files\Java\jdk-11.0.4\bin\server\jvm.dll
0x00007ffa166e0000 - 0x00007ffa166e8000 	C:\WINDOWS\System32\PSAPI.DLL
0x00007ffa12b60000 - 0x00007ffa12b69000 	C:\WINDOWS\SYSTEM32\WSOCK32.dll
0x00007ffa12b00000 - 0x00007ffa12b24000 	C:\WINDOWS\SYSTEM32\WINMM.dll
0x00007ffa179d0000 - 0x00007ffa17a3f000 	C:\WINDOWS\System32\WS2_32.dll
0x00007ffa129d0000 - 0x00007ffa129fd000 	C:\WINDOWS\SYSTEM32\WINMMBASE.dll
0x00007ffa15930000 - 0x00007ffa1597a000 	C:\WINDOWS\System32\cfgmgr32.dll
0x00007ffa14c90000 - 0x00007ffa14ca1000 	C:\WINDOWS\System32\kernel.appcore.dll
0x00007ffa10180000 - 0x00007ffa10191000 	C:\Program Files\Java\jdk-11.0.4\bin\verify.dll
0x00007ff9f6f50000 - 0x00007ff9f7144000 	C:\WINDOWS\SYSTEM32\DBGHELP.DLL
0x00007ff9f8ab0000 - 0x00007ff9f8ada000 	C:\WINDOWS\SYSTEM32\dbgcore.DLL
0x00007ffa0ed20000 - 0x00007ffa0ed49000 	C:\Program Files\Java\jdk-11.0.4\bin\java.dll
0x00007ffa08240000 - 0x00007ffa08256000 	C:\Program Files\Java\jdk-11.0.4\bin\zip.dll
0x00007ffa0fe10000 - 0x00007ffa0fe1a000 	C:\Program Files\Java\jdk-11.0.4\bin\jimage.dll

dbghelp: loaded successfully - version: 4.0.5 - missing functions: none
symbol engine: initialized successfully - sym options: 0x614 - pdb path: .;C:\Program Files\Java\jdk-11.0.4\bin;C:\WINDOWS\SYSTEM32;C:\WINDOWS\WinSxS\amd64_microsoft.windows.common-controls_6595b64144ccf1df_6.0.18362.836_none_e6c4b943130f18ed;C:\PROGRA~1\BULLGU~1\BULLGU~1;C:\Program Files\Java\jdk-11.0.4\bin\server

VM Arguments:
jvm_args: -Dfile.encoding=Cp1252 
java_command: ie.gmit.sw.Runner
java_class_path (initial): C:\Users\kevin\Kevin Niland's Workspace 2019\Language-NN\bin;D:\HDD Downloads\encog-core-3.4.jar
Launcher Type: SUN_STANDARD

[Global flags]
     intx CICompilerCount                          = 4                                         {product} {ergonomic}
     uint ConcGCThreads                            = 3                                         {product} {ergonomic}
     uint G1ConcRefinementThreads                  = 10                                        {product} {ergonomic}
   size_t G1HeapRegionSize                         = 1048576                                   {product} {ergonomic}
    uintx GCDrainStackTargetSize                   = 64                                        {product} {ergonomic}
   size_t InitialHeapSize                          = 268435456                                 {product} {ergonomic}
   size_t MarkStackSize                            = 4194304                                   {product} {ergonomic}
   size_t MaxHeapSize                              = 4280287232                                {product} {ergonomic}
   size_t MinHeapDeltaBytes                        = 1048576                                   {product} {ergonomic}
    uintx NonNMethodCodeHeapSize                   = 5835340                                {pd product} {ergonomic}
    uintx NonProfiledCodeHeapSize                  = 122911450                              {pd product} {ergonomic}
    uintx ProfiledCodeHeapSize                     = 122911450                              {pd product} {ergonomic}
    uintx ReservedCodeCacheSize                    = 251658240                              {pd product} {ergonomic}
     bool SegmentedCodeCache                       = true                                      {product} {ergonomic}
     bool UseCompressedClassPointers               = true                                 {lp64_product} {ergonomic}
     bool UseCompressedOops                        = true                                 {lp64_product} {ergonomic}
     bool UseG1GC                                  = true                                      {product} {ergonomic}
     bool UseLargePagesIndividualAllocation        = false                                  {pd product} {ergonomic}

Logging:
Log output configuration:
 #0: stdout all=warning uptime,level,tags
 #1: stderr all=off uptime,level,tags

Environment Variables:
JAVA_HOME=C:\Program Files\Java\jdk1.8.0_161\
JRE_HOME=C:\Program Files\Java\jre1.8.0_161
PATH=C:/Program Files/Java/jdk-11.0.4/bin/server;C:/Program Files/Java/jdk-11.0.4/bin;C:\Program Files\NVIDIA GPU Computing Toolkit\CUDA\v10.2\bin;C:\Program Files\NVIDIA GPU Computing Toolkit\CUDA\v10.2\libnvvp;C:\Program Files\Java\jdk-11.0.4\bin;C:\Program Files\NVIDIA GPU Computing Toolkit\CUDA\v10.1\bin;C:\Program Files\NVIDIA GPU Computing Toolkit\CUDA\v10.1\libnvvp;C:\ProgramData\Oracle\Java\javapath;C:\Program Files (x86)\Intel\iCLS Client\;C:\Program Files\Intel\iCLS Client\;C:\windows\system32;C:\windows;C:\windows\System32\Wbem;C:\windows\System32\WindowsPowerShell\v1.0\;C:\Program Files (x86)\NVIDIA Corporation\PhysX\Common;C:\Program Files (x86)\Intel\Intel(R) Management Engine Components\DAL;C:\Program Files\Intel\Intel(R) Management Engine Components\DAL;C:\Program Files (x86)\Intel\Intel(R) Management Engine Components\IPT;C:\Program Files\Intel\Intel(R) Management Engine Components\IPT;C:\Program Files\Microsoft SQL Server\130\Tools\Binn\;C:\Users\kevin\.dnx\bin;C:\Program Files\Microsoft DNX\Dnvm\;C:\Program Files (x86)\GtkSharp\2.12\bin;C:\WINDOWS\system32;C:\WINDOWS;C:\WINDOWS\System32\Wbem;C:\WINDOWS\System32\WindowsPowerShell\v1.0\;C:\WINDOWS\System32\OpenSSH\;C:\Program Files\Microsoft VS Code\bin;C:\Program Files\dotnet\;C:\Python27;C:\Program Files\NVIDIA Corporation\NVIDIA NvDLISR;C:\ProgramData\chocolatey\bin;D:\Git LFS\Git LFS;C:\WINDOWS\system32;C:\WINDOWS;C:\WINDOWS\System32\Wbem;C:\WINDOWS\System32\WindowsPowerShell\v1.0\;C:\WINDOWS\System32\OpenSSH\;C:\Users\kevin\AppData\Roaming\nvm;C:\Program Files\nodejs;C:\Program Files\NVIDIA Corporation\Nsight Compute 2019.5.0\;D:\Program Files\PuTTY\;D:\Program Files\LLVM\bin;D:\Git\cmd;C:\OpenSSL-Win64\bin;C:\Users\kevin\Anaconda3;C:\Users\kevin\Anaconda3\Library\mingw-w64\bin;C:\Users\kevin\Anaconda3\Library\usr\bin;C:\Users\kevin\Anaconda3\Library\bin;C:\Users\kevin\Anaconda3\Scripts;C:\Users\kevin\AppData\Roaming\ActiveState\bin;C:\Program Files\Java\jdk-11.0.4\bin;C:\Program Files\NVIDIA GPU 
USERNAME=kevin
OS=Windows_NT
PROCESSOR_IDENTIFIER=Intel64 Family 6 Model 158 Stepping 10, GenuineIntel



---------------  S Y S T E M  ---------------

OS: Windows 10 , 64 bit Build 18362 (10.0.18362.778)

CPU:total 12 (initial active 12) (6 cores per cpu, 2 threads per core) family 6 model 158 stepping 10, cmov, cx8, fxsr, mmx, sse, sse2, sse3, ssse3, sse4.1, sse4.2, popcnt, avx, avx2, aes, clmul, erms, rtm, 3dnowpref, lzcnt, ht, tsc, tscinvbit, bmi1, bmi2, adx, fma

Memory: 4k page, system-wide physical 16324M (5356M free)
TotalPageFile size 20426M (AvailPageFile size 25M)
current process WorkingSet (physical memory assigned to process): 10M, peak: 10M
current process commit charge ("private bytes"): 65M, peak: 321M

vm_info: Java HotSpot(TM) 64-Bit Server VM (11.0.4+10-LTS) for windows-amd64 JRE (11.0.4+10-LTS), built on Jul  4 2019 16:28:13 by "mach5one" with MS VC++ 15.5 (VS2017)

END.
